The system is: Windows - 10.0.19042 - AMD64
Compiling the C compiler identification source file "CMakeCCompilerId.c" succeeded.
Compiler: C:/Program Files (x86)/Microsoft Visual Studio/2019/Community/VC/Tools/MSVC/14.28.29910/bin/Hostx64/x64/cl.exe 
Build flags: 
Id flags:  

The output was:
0
Microsoft (R) C/C++ Optimizing Compiler Version 19.28.29914 for x64
Copyright (C) Microsoft Corporation.  All rights reserved.

CMakeCCompilerId.c
Microsoft (R) Incremental Linker Version 14.28.29914.0
Copyright (C) Microsoft Corporation.  All rights reserved.

/out:CMakeCCompilerId.exe 
CMakeCCompilerId.obj 


Compilation of the C compiler identification source "CMakeCCompilerId.c" produced "CMakeCCompilerId.exe"

Compilation of the C compiler identification source "CMakeCCompilerId.c" produced "CMakeCCompilerId.obj"

The C compiler identification is MSVC, found in "C:/Home/Projects/Personal/Hallow/project_a/cmake-build-debug/CMakeFiles/3.19.2/CompilerIdC/CMakeCCompilerId.exe"

Compiling the CXX compiler identification source file "CMakeCXXCompilerId.cpp" succeeded.
Compiler: C:/Program Files (x86)/Microsoft Visual Studio/2019/Community/VC/Tools/MSVC/14.28.29910/bin/Hostx64/x64/cl.exe 
Build flags: 
Id flags:  

The output was:
0
Microsoft (R) C/C++ Optimizing Compiler Version 19.28.29914 for x64
Copyright (C) Microsoft Corporation.  All rights reserved.

CMakeCXXCompilerId.cpp
Microsoft (R) Incremental Linker Version 14.28.29914.0
Copyright (C) Microsoft Corporation.  All rights reserved.

/out:CMakeCXXCompilerId.exe 
CMakeCXXCompilerId.obj 


Compilation of the CXX compiler identification source "CMakeCXXCompilerId.cpp" produced "CMakeCXXCompilerId.exe"

Compilation of the CXX compiler identification source "CMakeCXXCompilerId.cpp" produced "CMakeCXXCompilerId.obj"

The CXX compiler identification is MSVC, found in "C:/Home/Projects/Personal/Hallow/project_a/cmake-build-debug/CMakeFiles/3.19.2/CompilerIdCXX/CMakeCXXCompilerId.exe"

Detecting C compiler ABI info compiled with the following output:
Change Dir: C:/Home/Projects/Personal/Hallow/project_a/cmake-build-debug/CMakeFiles/CMakeTmp

Run Build Command(s):nmake /nologo cmTC_1fa4c\fast && 	"C:\Program Files (x86)\Microsoft Visual Studio\2019\Community\VC\Tools\MSVC\14.28.29910\bin\HostX64\x64\nmake.exe"  -f CMakeFiles\cmTC_1fa4c.dir\build.make /nologo -L                  CMakeFiles\cmTC_1fa4c.dir\build
Building C object CMakeFiles/cmTC_1fa4c.dir/CMakeCCompilerABI.c.obj
	C:\PROGRA~2\MICROS~3\2019\COMMUN~1\VC\Tools\MSVC\1428~1.299\bin\Hostx64\x64\cl.exe @C:\Users\galex\AppData\Local\Temp\nm3AAC.tmp
CMakeCCompilerABI.c
Linking C executable cmTC_1fa4c.exe
	C:\Users\galex\AppData\Local\JetBrains\Toolbox\apps\CLion\ch-0\211.6693.114\bin\cmake\win\bin\cmake.exe -E vs_link_exe --intdir=CMakeFiles\cmTC_1fa4c.dir --rc=C:\PROGRA~2\WI3CF2~1\10\bin\100190~1.0\x64\rc.exe --mt=C:\PROGRA~2\WI3CF2~1\10\bin\100190~1.0\x64\mt.exe --manifests -- C:\PROGRA~2\MICROS~3\2019\COMMUN~1\VC\Tools\MSVC\1428~1.299\bin\Hostx64\x64\link.exe /nologo @CMakeFiles\cmTC_1fa4c.dir\objects1.rsp @C:\Users\galex\AppData\Local\Temp\nm3AEC.tmp
	C:\Windows\System32\WindowsPowerShell\v1.0\powershell.exe -noprofile -executionpolicy Bypass -file C:/Dev/git/vcpkg/scripts/buildsystems/msbuild/applocal.ps1 -targetBinary C:/Home/Projects/Personal/Hallow/project_a/cmake-build-debug/CMakeFiles/CMakeTmp/cmTC_1fa4c.exe -installedDir C:/Dev/git/vcpkg/installed/x64-windows/debug/bin -OutVariable out



Detecting CXX compiler ABI info compiled with the following output:
Change Dir: C:/Home/Projects/Personal/Hallow/project_a/cmake-build-debug/CMakeFiles/CMakeTmp

Run Build Command(s):nmake /nologo cmTC_9dc74\fast && 	"C:\Program Files (x86)\Microsoft Visual Studio\2019\Community\VC\Tools\MSVC\14.28.29910\bin\HostX64\x64\nmake.exe"  -f CMakeFiles\cmTC_9dc74.dir\build.make /nologo -L                  CMakeFiles\cmTC_9dc74.dir\build
Building CXX object CMakeFiles/cmTC_9dc74.dir/CMakeCXXCompilerABI.cpp.obj
	C:\PROGRA~2\MICROS~3\2019\COMMUN~1\VC\Tools\MSVC\1428~1.299\bin\Hostx64\x64\cl.exe @C:\Users\galex\AppData\Local\Temp\nm3E57.tmp
CMakeCXXCompilerABI.cpp
Linking CXX executable cmTC_9dc74.exe
	C:\Users\galex\AppData\Local\JetBrains\Toolbox\apps\CLion\ch-0\211.6693.114\bin\cmake\win\bin\cmake.exe -E vs_link_exe --intdir=CMakeFiles\cmTC_9dc74.dir --rc=C:\PROGRA~2\WI3CF2~1\10\bin\100190~1.0\x64\rc.exe --mt=C:\PROGRA~2\WI3CF2~1\10\bin\100190~1.0\x64\mt.exe --manifests -- C:\PROGRA~2\MICROS~3\2019\COMMUN~1\VC\Tools\MSVC\1428~1.299\bin\Hostx64\x64\link.exe /nologo @CMakeFiles\cmTC_9dc74.dir\objects1.rsp @C:\Users\galex\AppData\Local\Temp\nm3E96.tmp
	C:\Windows\System32\WindowsPowerShell\v1.0\powershell.exe -noprofile -executionpolicy Bypass -file C:/Dev/git/vcpkg/scripts/buildsystems/msbuild/applocal.ps1 -targetBinary C:/Home/Projects/Personal/Hallow/project_a/cmake-build-debug/CMakeFiles/CMakeTmp/cmTC_9dc74.exe -installedDir C:/Dev/git/vcpkg/installed/x64-windows/debug/bin -OutVariable out



